<?xml version="1.0" encoding="UTF-8"?>
<!-- Generated by org.testng.reporters.JUnitXMLReporter -->
<testsuite ignored="2" hostname="BLLCLAPUS1410" failures="0" tests="2" name="Default test" time="18.347" errors="0" timestamp="2022-03-03T10:07:03 PST">
  <testcase classname="com.qa.testscripts.CategoryProductTest" name="verifySubCategorySearch" time="10.36"/>
  <testcase classname="com.qa.testscripts.CategoryProductTest" name="verifySubCategorySearch" time="7.816"/>
  <testcase classname="com.qa.testscripts.CategoryProductTest" name="verifyAllCategoryIsShown" time="0.0">
    <ignored/>
  </testcase> <!-- verifyAllCategoryIsShown -->
  <testcase classname="com.qa.testscripts.CategoryProductTest" name="verifyAllSubCategoryIsShown" time="0.0">
    <ignored/>
  </testcase> <!-- verifyAllSubCategoryIsShown -->
</testsuite> <!-- Default test -->
