<?xml version="1.0" encoding="UTF-8"?>
<!-- Generated by org.testng.reporters.JUnitXMLReporter -->
<testsuite ignored="6" hostname="BLLCLAPUS1410" failures="0" tests="1" name="Default test" time="9.532" errors="0" timestamp="2022-03-02T12:01:13 PST">
  <testcase classname="com.qa.testscripts.LoginTest" name="verifyLoginShowsProperLoggedInMessage" time="7.815"/>
  <testcase classname="com.qa.testscripts.LoginTest" name="verifyLoginWithEmptyCredentials" time="0.0">
    <ignored/>
  </testcase> <!-- verifyLoginWithEmptyCredentials -->
  <testcase classname="com.qa.testscripts.LoginTest" name="verifyDeleteLogin" time="0.0">
    <ignored/>
  </testcase> <!-- verifyDeleteLogin -->
  <testcase classname="com.qa.testscripts.LoginTest" name="verifyRegistartionWithInvalidEmail" time="0.0">
    <ignored/>
  </testcase> <!-- verifyRegistartionWithInvalidEmail -->
  <testcase classname="com.qa.testscripts.LoginTest" name="verifyLoginWithInvalidCredentials" time="0.0">
    <ignored/>
  </testcase> <!-- verifyLoginWithInvalidCredentials -->
  <testcase classname="com.qa.testscripts.LoginTest" name="verifyLoginWithEmptyEmailCredential" time="0.0">
    <ignored/>
  </testcase> <!-- verifyLoginWithEmptyEmailCredential -->
  <testcase classname="com.qa.testscripts.LoginTest" name="verifyLoginWithValidCredential" time="0.0">
    <ignored/>
  </testcase> <!-- verifyLoginWithValidCredential -->
</testsuite> <!-- Default test -->
