<?xml version="1.0" encoding="UTF-8"?>
<!-- Generated by org.testng.reporters.JUnitXMLReporter -->
<testsuite hostname="BLLCLAPUS1410" ignored="0" name="CartTest" tests="10" failures="0" timestamp="2022-03-07T18:30:22 PST" time="160.889" errors="0">
  <testcase name="verifyAddToCartAsGuestCustomer" time="29.7" classname="com.qa.testscripts.AddtoCartTest"/>
  <testcase name="verifyAddtoCartAsASignedInCustomer" time="23.481" classname="com.qa.testscripts.AddtoCartTest"/>
  <testcase name="verifyAddtoCartByAddingMultipleQuantities" time="15.172" classname="com.qa.testscripts.AddtoCartTest"/>
  <testcase name="verifyAddtoCartByAddingSameProductMultiplyTimes" time="14.091" classname="com.qa.testscripts.AddtoCartTest"/>
  <testcase name="verifyAddtoCartByAddingZeroQuantities" time="8.55" classname="com.qa.testscripts.AddtoCartTest"/>
  <testcase name="verifyAddtoCartFromProductsPage" time="8.857" classname="com.qa.testscripts.AddtoCartTest"/>
  <testcase name="verifyAddtoCartFromViewItem" time="9.363" classname="com.qa.testscripts.AddtoCartTest"/>
  <testcase name="verifyCartAsGuestCustomer" time="9.591" classname="com.qa.testscripts.CheckoutTest"/>
  <testcase name="verifyCartAsSignedInCustomer" time="13.66" classname="com.qa.testscripts.CheckoutTest"/>
  <testcase name="verifyPlaceOrder" time="13.233" classname="com.qa.testscripts.CheckoutTest"/>
</testsuite> <!-- CartTest -->
