<?xml version="1.0" encoding="UTF-8"?>
<!-- Generated by org.testng.reporters.JUnitXMLReporter -->
<testsuite hostname="BLLCLAPUS1410" ignored="0" name="LoginTest" tests="7" failures="0" timestamp="2022-03-07T18:28:41 PST" time="59.806" errors="0">
  <testcase name="verifyDeleteLogin" time="6.385" classname="com.qa.testscripts.LoginTest"/>
  <testcase name="verifyLoginShowsProperLoggedInMessage" time="17.402" classname="com.qa.testscripts.LoginTest"/>
  <testcase name="verifyLoginWithEmptyCredentials" time="11.572" classname="com.qa.testscripts.LoginTest"/>
  <testcase name="verifyLoginWithEmptyEmailCredential" time="0.519" classname="com.qa.testscripts.LoginTest"/>
  <testcase name="verifyLoginWithInvalidCredentials" time="0.525" classname="com.qa.testscripts.LoginTest"/>
  <testcase name="verifyLoginWithValidCredential" time="1.628" classname="com.qa.testscripts.LoginTest"/>
  <testcase name="verifyRegistartionWithInvalidEmail" time="9.552" classname="com.qa.testscripts.LoginTest"/>
</testsuite> <!-- LoginTest -->
