<?xml version="1.0" encoding="UTF-8"?>
<!-- Generated by org.testng.reporters.JUnitXMLReporter -->
<testsuite ignored="5" hostname="BLLCLAPUS1410" failures="0" tests="2" name="LoginTest" time="22.146" errors="0" timestamp="2022-03-03T14:30:59 PST">
  <testcase classname="com.qa.testscripts.LoginTest" name="verifyLoginShowsProperLoggedInMessage" time="17.201"/>
  <testcase classname="com.qa.testscripts.LoginTest" name="verifyLoginWithValidCredential" time="2.89"/>
  <testcase classname="com.qa.testscripts.LoginTest" name="verifyLoginWithEmptyCredentials" time="0.0">
    <ignored/>
  </testcase> <!-- verifyLoginWithEmptyCredentials -->
  <testcase classname="com.qa.testscripts.LoginTest" name="verifyDeleteLogin" time="0.0">
    <ignored/>
  </testcase> <!-- verifyDeleteLogin -->
  <testcase classname="com.qa.testscripts.LoginTest" name="verifyRegistartionWithInvalidEmail" time="0.0">
    <ignored/>
  </testcase> <!-- verifyRegistartionWithInvalidEmail -->
  <testcase classname="com.qa.testscripts.LoginTest" name="verifyLoginWithInvalidCredentials" time="0.0">
    <ignored/>
  </testcase> <!-- verifyLoginWithInvalidCredentials -->
  <testcase classname="com.qa.testscripts.LoginTest" name="verifyLoginWithEmptyEmailCredential" time="0.0">
    <ignored/>
  </testcase> <!-- verifyLoginWithEmptyEmailCredential -->
</testsuite> <!-- LoginTest -->
