<?xml version="1.0" encoding="UTF-8"?>
<!-- Generated by org.testng.reporters.JUnitXMLReporter -->
<testsuite hostname="BLLCLAPUS1410" ignored="0" name="RegistrationTest" tests="5" failures="0" timestamp="2022-03-04T10:43:38 PST" time="45.756" errors="0">
  <testcase name="verifyPageTitle" time="5.041" classname="com.qa.testscripts.RegistrationTest"/>
  <testcase name="verifyRegistartionWithInvalidEmail" time="5.298" classname="com.qa.testscripts.RegistrationTest"/>
  <testcase name="verifyRegistartionWithValidCredentials" time="16.62" classname="com.qa.testscripts.RegistrationTest"/>
  <testcase name="verifyRegistrationWithExistingUser" time="6.629" classname="com.qa.testscripts.RegistrationTest"/>
  <testcase name="verifySignUpWithEmptyCredentials" time="5.091" classname="com.qa.testscripts.RegistrationTest"/>
</testsuite> <!-- RegistrationTest -->
