<?xml version="1.0" encoding="UTF-8"?>
<!-- Generated by org.testng.reporters.JUnitXMLReporter -->
<testsuite hostname="BLLCLAPUS1410" ignored="0" name="RegistrationTest" tests="5" failures="0" timestamp="2022-03-07T18:29:08 PST" time="86.694" errors="0">
  <testcase name="verifyPageTitle" time="16.304" classname="com.qa.testscripts.RegistrationTest"/>
  <testcase name="verifyRegistartionWithInvalidEmail" time="9.103" classname="com.qa.testscripts.RegistrationTest"/>
  <testcase name="verifyRegistartionWithValidCredentials" time="20.79" classname="com.qa.testscripts.RegistrationTest"/>
  <testcase name="verifyRegistrationWithExistingUser" time="13.957" classname="com.qa.testscripts.RegistrationTest"/>
  <testcase name="verifySignUpWithEmptyCredentials" time="11.231" classname="com.qa.testscripts.RegistrationTest"/>
</testsuite> <!-- RegistrationTest -->
