<?xml version="1.0" encoding="UTF-8"?>
<!-- Generated by org.testng.reporters.JUnitXMLReporter -->
<testsuite ignored="0" hostname="BLLCLAPUS1410" failures="0" tests="12" name="SearchTest" time="186.138" errors="0" timestamp="2022-03-03T10:40:33 PST">
  <testcase classname="com.qa.testscripts.CategoryProductTest" name="verifyAllCategoryIsShown" time="17.731"/>
  <testcase classname="com.qa.testscripts.CategoryProductTest" name="verifyAllSubCategoryIsShown" time="10.001"/>
  <testcase classname="com.qa.testscripts.CategoryProductTest" name="verifyAllSubCategoryIsShown" time="11.968"/>
  <testcase classname="com.qa.testscripts.CategoryProductTest" name="verifyAllSubCategoryIsShown" time="9.773"/>
  <testcase classname="com.qa.testscripts.CategoryProductTest" name="verifySubCategorySearch" time="10.175"/>
  <testcase classname="com.qa.testscripts.CategoryProductTest" name="verifySubCategorySearch" time="9.758"/>
  <testcase classname="io.cucumber.testng.AbstractTestNGCucumberTests" name="runScenario" time="7.751"/>
  <testcase classname="io.cucumber.testng.AbstractTestNGCucumberTests" name="runScenario" time="7.804"/>
  <testcase classname="io.cucumber.testng.AbstractTestNGCucumberTests" name="runScenario" time="37.407"/>
  <testcase classname="io.cucumber.testng.AbstractTestNGCucumberTests" name="runScenario" time="37.315"/>
  <testcase classname="io.cucumber.testng.AbstractTestNGCucumberTests" name="runScenario" time="9.394"/>
  <testcase classname="io.cucumber.testng.AbstractTestNGCucumberTests" name="runScenario" time="7.793"/>
</testsuite> <!-- SearchTest -->
