<?xml version="1.0" encoding="UTF-8"?>
<!-- Generated by org.testng.reporters.JUnitXMLReporter -->
<testsuite hostname="BLLCLAPUS1410" ignored="0" name="Test" tests="4" failures="3" timestamp="2022-02-28T11:38:18 PST" time="10.667" errors="0">
  <testcase name="verifyPageTitle" time="9.365" classname="com.qa.testscripts.AutomationExcerciseHomePageTests"/>
  <testcase name="runScenario" time="0.386" classname="io.cucumber.testng.AbstractTestNGCucumberTests">
    <failure type="io.cucumber.testng.UndefinedStepException" message="The step &amp;apos;User is on Product page&amp;apos; and 2 other step(s) are undefined.
You can implement these steps using the snippet(s) below:

Given(&amp;quot;User is on Product page&amp;quot;, () -&amp;gt; {
    // Write code here that turns the phrase above into concrete actions
    throw new io.cucumber.java8.PendingException();
});
@Given(&amp;quot;User is on Product page&amp;quot;)
public void user_is_on_product_page() {
    // Write code here that turns the phrase above into concrete actions
    throw new io.cucumber.java.PendingException();
}
When(&amp;quot;User enters search as {string}&amp;quot;, (String string) -&amp;gt; {
    // Write code here that turns the phrase above into concrete actions
    throw new io.cucumber.java8.PendingException();
});
@When(&amp;quot;User enters search as {string}&amp;quot;)
public void user_enters_search_as(String string) {
    // Write code here that turns the phrase above into concrete actions
    throw new io.cucumber.java.PendingException();
}
Then(&amp;quot;User should be able to login sucessfully&amp;quot;, () -&amp;gt; {
    // Write code here that turns the phrase above into concrete actions
    throw new io.cucumber.java8.PendingException();
});
@Then(&amp;quot;User should be able to login sucessfully&amp;quot;)
public void user_should_be_able_to_login_sucessfully() {
    // Write code here that turns the phrase above into concrete actions
    throw new io.cucumber.java.PendingException();
}
">
      <![CDATA[io.cucumber.testng.UndefinedStepException: The step 'User is on Product page' and 2 other step(s) are undefined.
You can implement these steps using the snippet(s) below:

Given("User is on Product page", () -> {
    // Write code here that turns the phrase above into concrete actions
    throw new io.cucumber.java8.PendingException();
});
@Given("User is on Product page")
public void user_is_on_product_page() {
    // Write code here that turns the phrase above into concrete actions
    throw new io.cucumber.java.PendingException();
}
When("User enters search as {string}", (String string) -> {
    // Write code here that turns the phrase above into concrete actions
    throw new io.cucumber.java8.PendingException();
});
@When("User enters search as {string}")
public void user_enters_search_as(String string) {
    // Write code here that turns the phrase above into concrete actions
    throw new io.cucumber.java.PendingException();
}
Then("User should be able to login sucessfully", () -> {
    // Write code here that turns the phrase above into concrete actions
    throw new io.cucumber.java8.PendingException();
});
@Then("User should be able to login sucessfully")
public void user_should_be_able_to_login_sucessfully() {
    // Write code here that turns the phrase above into concrete actions
    throw new io.cucumber.java.PendingException();
}

at io.cucumber.core.runtime.TestCaseResultObserver.assertTestCasePassed(TestCaseResultObserver.java:69)
at io.cucumber.testng.TestCaseResultObserver.assertTestCasePassed(TestCaseResultObserver.java:23)
at io.cucumber.testng.TestNGCucumberRunner.lambda$runScenario$1(TestNGCucumberRunner.java:133)
at io.cucumber.core.runtime.CucumberExecutionContext.lambda$runTestCase$3(CucumberExecutionContext.java:151)
at io.cucumber.core.runtime.RethrowingThrowableCollector.executeAndThrow(RethrowingThrowableCollector.java:23)
at io.cucumber.core.runtime.CucumberExecutionContext.runTestCase(CucumberExecutionContext.java:151)
at io.cucumber.testng.TestNGCucumberRunner.runScenario(TestNGCucumberRunner.java:129)
at io.cucumber.testng.AbstractTestNGCucumberTests.runScenario(AbstractTestNGCucumberTests.java:35)
at java.util.ArrayList.forEach(ArrayList.java:1257)
... Removed 27 stack frames]]>
    </failure>
  </testcase> <!-- runScenario -->
  <testcase name="runScenario" time="0.027" classname="io.cucumber.testng.AbstractTestNGCucumberTests">
    <failure type="io.cucumber.testng.UndefinedStepException" message="The step &amp;apos;User is on Product page&amp;apos; and 2 other step(s) are undefined.
You can implement these steps using the snippet(s) below:

Given(&amp;quot;User is on Product page&amp;quot;, () -&amp;gt; {
    // Write code here that turns the phrase above into concrete actions
    throw new io.cucumber.java8.PendingException();
});
@Given(&amp;quot;User is on Product page&amp;quot;)
public void user_is_on_product_page() {
    // Write code here that turns the phrase above into concrete actions
    throw new io.cucumber.java.PendingException();
}
When(&amp;quot;User enters search as {string}&amp;quot;, (String string) -&amp;gt; {
    // Write code here that turns the phrase above into concrete actions
    throw new io.cucumber.java8.PendingException();
});
@When(&amp;quot;User enters search as {string}&amp;quot;)
public void user_enters_search_as(String string) {
    // Write code here that turns the phrase above into concrete actions
    throw new io.cucumber.java.PendingException();
}
Then(&amp;quot;User should be able to login sucessfully&amp;quot;, () -&amp;gt; {
    // Write code here that turns the phrase above into concrete actions
    throw new io.cucumber.java8.PendingException();
});
@Then(&amp;quot;User should be able to login sucessfully&amp;quot;)
public void user_should_be_able_to_login_sucessfully() {
    // Write code here that turns the phrase above into concrete actions
    throw new io.cucumber.java.PendingException();
}
">
      <![CDATA[io.cucumber.testng.UndefinedStepException: The step 'User is on Product page' and 2 other step(s) are undefined.
You can implement these steps using the snippet(s) below:

Given("User is on Product page", () -> {
    // Write code here that turns the phrase above into concrete actions
    throw new io.cucumber.java8.PendingException();
});
@Given("User is on Product page")
public void user_is_on_product_page() {
    // Write code here that turns the phrase above into concrete actions
    throw new io.cucumber.java.PendingException();
}
When("User enters search as {string}", (String string) -> {
    // Write code here that turns the phrase above into concrete actions
    throw new io.cucumber.java8.PendingException();
});
@When("User enters search as {string}")
public void user_enters_search_as(String string) {
    // Write code here that turns the phrase above into concrete actions
    throw new io.cucumber.java.PendingException();
}
Then("User should be able to login sucessfully", () -> {
    // Write code here that turns the phrase above into concrete actions
    throw new io.cucumber.java8.PendingException();
});
@Then("User should be able to login sucessfully")
public void user_should_be_able_to_login_sucessfully() {
    // Write code here that turns the phrase above into concrete actions
    throw new io.cucumber.java.PendingException();
}

at io.cucumber.core.runtime.TestCaseResultObserver.assertTestCasePassed(TestCaseResultObserver.java:69)
at io.cucumber.testng.TestCaseResultObserver.assertTestCasePassed(TestCaseResultObserver.java:23)
at io.cucumber.testng.TestNGCucumberRunner.lambda$runScenario$1(TestNGCucumberRunner.java:133)
at io.cucumber.core.runtime.CucumberExecutionContext.lambda$runTestCase$3(CucumberExecutionContext.java:151)
at io.cucumber.core.runtime.RethrowingThrowableCollector.executeAndThrow(RethrowingThrowableCollector.java:23)
at io.cucumber.core.runtime.CucumberExecutionContext.runTestCase(CucumberExecutionContext.java:151)
at io.cucumber.testng.TestNGCucumberRunner.runScenario(TestNGCucumberRunner.java:129)
at io.cucumber.testng.AbstractTestNGCucumberTests.runScenario(AbstractTestNGCucumberTests.java:35)
at java.util.ArrayList.forEach(ArrayList.java:1257)
... Removed 27 stack frames]]>
    </failure>
  </testcase> <!-- runScenario -->
  <testcase name="runScenario" time="0.021" classname="io.cucumber.testng.AbstractTestNGCucumberTests">
    <failure type="io.cucumber.testng.UndefinedStepException" message="The step &amp;apos;User is on Product page&amp;apos; and 2 other step(s) are undefined.
You can implement these steps using the snippet(s) below:

Given(&amp;quot;User is on Product page&amp;quot;, () -&amp;gt; {
    // Write code here that turns the phrase above into concrete actions
    throw new io.cucumber.java8.PendingException();
});
@Given(&amp;quot;User is on Product page&amp;quot;)
public void user_is_on_product_page() {
    // Write code here that turns the phrase above into concrete actions
    throw new io.cucumber.java.PendingException();
}
When(&amp;quot;User enters search as {string}&amp;quot;, (String string) -&amp;gt; {
    // Write code here that turns the phrase above into concrete actions
    throw new io.cucumber.java8.PendingException();
});
@When(&amp;quot;User enters search as {string}&amp;quot;)
public void user_enters_search_as(String string) {
    // Write code here that turns the phrase above into concrete actions
    throw new io.cucumber.java.PendingException();
}
Then(&amp;quot;User should be able to login sucessfully&amp;quot;, () -&amp;gt; {
    // Write code here that turns the phrase above into concrete actions
    throw new io.cucumber.java8.PendingException();
});
@Then(&amp;quot;User should be able to login sucessfully&amp;quot;)
public void user_should_be_able_to_login_sucessfully() {
    // Write code here that turns the phrase above into concrete actions
    throw new io.cucumber.java.PendingException();
}
">
      <![CDATA[io.cucumber.testng.UndefinedStepException: The step 'User is on Product page' and 2 other step(s) are undefined.
You can implement these steps using the snippet(s) below:

Given("User is on Product page", () -> {
    // Write code here that turns the phrase above into concrete actions
    throw new io.cucumber.java8.PendingException();
});
@Given("User is on Product page")
public void user_is_on_product_page() {
    // Write code here that turns the phrase above into concrete actions
    throw new io.cucumber.java.PendingException();
}
When("User enters search as {string}", (String string) -> {
    // Write code here that turns the phrase above into concrete actions
    throw new io.cucumber.java8.PendingException();
});
@When("User enters search as {string}")
public void user_enters_search_as(String string) {
    // Write code here that turns the phrase above into concrete actions
    throw new io.cucumber.java.PendingException();
}
Then("User should be able to login sucessfully", () -> {
    // Write code here that turns the phrase above into concrete actions
    throw new io.cucumber.java8.PendingException();
});
@Then("User should be able to login sucessfully")
public void user_should_be_able_to_login_sucessfully() {
    // Write code here that turns the phrase above into concrete actions
    throw new io.cucumber.java.PendingException();
}

at io.cucumber.core.runtime.TestCaseResultObserver.assertTestCasePassed(TestCaseResultObserver.java:69)
at io.cucumber.testng.TestCaseResultObserver.assertTestCasePassed(TestCaseResultObserver.java:23)
at io.cucumber.testng.TestNGCucumberRunner.lambda$runScenario$1(TestNGCucumberRunner.java:133)
at io.cucumber.core.runtime.CucumberExecutionContext.lambda$runTestCase$3(CucumberExecutionContext.java:151)
at io.cucumber.core.runtime.RethrowingThrowableCollector.executeAndThrow(RethrowingThrowableCollector.java:23)
at io.cucumber.core.runtime.CucumberExecutionContext.runTestCase(CucumberExecutionContext.java:151)
at io.cucumber.testng.TestNGCucumberRunner.runScenario(TestNGCucumberRunner.java:129)
at io.cucumber.testng.AbstractTestNGCucumberTests.runScenario(AbstractTestNGCucumberTests.java:35)
at java.util.ArrayList.forEach(ArrayList.java:1257)
... Removed 27 stack frames]]>
    </failure>
  </testcase> <!-- runScenario -->
</testsuite> <!-- Test -->
