<?xml version="1.0" encoding="UTF-8"?>
<!-- Generated by org.testng.reporters.JUnitXMLReporter -->
<testsuite ignored="0" hostname="BLLCLAPUS1410" failures="0" tests="19" name="Test" time="183.491" errors="0" timestamp="2022-03-03T10:25:27 PST">
  <testcase classname="io.cucumber.testng.AbstractTestNGCucumberTests" name="runScenario" time="11.796"/>
  <testcase classname="io.cucumber.testng.AbstractTestNGCucumberTests" name="runScenario" time="7.192"/>
  <testcase classname="io.cucumber.testng.AbstractTestNGCucumberTests" name="runScenario" time="37.877"/>
  <testcase classname="io.cucumber.testng.AbstractTestNGCucumberTests" name="runScenario" time="37.313"/>
  <testcase classname="io.cucumber.testng.AbstractTestNGCucumberTests" name="runScenario" time="9.056"/>
  <testcase classname="io.cucumber.testng.AbstractTestNGCucumberTests" name="runScenario" time="6.907"/>
  <testcase classname="com.qa.testscripts.LoginTest" name="verifyDeleteLogin" time="7.713"/>
  <testcase classname="com.qa.testscripts.LoginTest" name="verifyLoginShowsProperLoggedInMessage" time="11.339"/>
  <testcase classname="com.qa.testscripts.LoginTest" name="verifyLoginWithEmptyCredentials" time="4.12"/>
  <testcase classname="com.qa.testscripts.LoginTest" name="verifyLoginWithEmptyEmailCredential" time="0.967"/>
  <testcase classname="com.qa.testscripts.LoginTest" name="verifyLoginWithInvalidCredentials" time="0.983"/>
  <testcase classname="com.qa.testscripts.LoginTest" name="verifyLoginWithValidCredential" time="1.897"/>
  <testcase classname="com.qa.testscripts.LoginTest" name="verifyRegistartionWithInvalidEmail" time="4.464"/>
  <testcase classname="com.qa.testscripts.CategoryProductTest" name="verifyAllCategoryIsShown" time="5.632"/>
  <testcase classname="com.qa.testscripts.CategoryProductTest" name="verifyAllSubCategoryIsShown" time="5.728"/>
  <testcase classname="com.qa.testscripts.CategoryProductTest" name="verifyAllSubCategoryIsShown" time="6.309"/>
  <testcase classname="com.qa.testscripts.CategoryProductTest" name="verifyAllSubCategoryIsShown" time="6.313"/>
  <testcase classname="com.qa.testscripts.CategoryProductTest" name="verifySubCategorySearch" time="7.076"/>
  <testcase classname="com.qa.testscripts.CategoryProductTest" name="verifySubCategorySearch" time="7.497"/>
</testsuite> <!-- Test -->
