<?xml version="1.0" encoding="UTF-8"?>
<!-- Generated by org.testng.reporters.JUnitXMLReporter -->
<testsuite ignored="0" hostname="BLLCLAPUS1410" failures="0" tests="4" name="Test" time="26.295" errors="0" timestamp="2022-03-01T18:12:45 PST">
  <testcase classname="com.qa.testscripts.AutomationExcerciseHomePageTests" name="verifyPageTitle" time="6.915"/>
  <testcase classname="io.cucumber.testng.AbstractTestNGCucumberTests" name="runScenario" time="6.148"/>
  <testcase classname="io.cucumber.testng.AbstractTestNGCucumberTests" name="runScenario" time="6.32"/>
  <testcase classname="io.cucumber.testng.AbstractTestNGCucumberTests" name="runScenario" time="6.427"/>
</testsuite> <!-- Test -->
