<?xml version="1.0" encoding="UTF-8"?>
<testng-results skipped="0" failed="0" ignored="0" total="4" passed="4">
  <reporter-output>
  </reporter-output>
  <suite name="Suite" duration-ms="18126" started-at="2022-02-28T11:41:00 PST" finished-at="2022-02-28T11:41:18 PST">
    <groups>
      <group name="cucumber">
        <method signature="AbstractTestNGCucumberTests.runScenario(io.cucumber.testng.PickleWrapper,io.cucumber.testng.FeatureWrapper)[pri:0, instance:com.qa.testrunner.TestRunner@1d371b2d]" name="runScenario" class="io.cucumber.testng.AbstractTestNGCucumberTests"/>
      </group> <!-- cucumber -->
    </groups>
    <test name="Test" duration-ms="18126" started-at="2022-02-28T11:41:00 PST" finished-at="2022-02-28T11:41:18 PST">
      <class name="com.qa.testrunner.TestRunner">
        <test-method status="PASS" signature="setUpClass(org.testng.ITestContext)[pri:0, instance:com.qa.testrunner.TestRunner@1d371b2d]" name="setUpClass" is-config="true" duration-ms="1470" started-at="2022-02-28T11:41:16 PST" finished-at="2022-02-28T11:41:18 PST">
          <params>
            <param index="0">
              <value>
                <![CDATA[org.testng.TestRunner@5b989dc7]]>
              </value>
            </param>
          </params>
          <reporter-output>
          </reporter-output>
        </test-method> <!-- setUpClass -->
        <test-method status="PASS" signature="runScenario(io.cucumber.testng.PickleWrapper,io.cucumber.testng.FeatureWrapper)[pri:0, instance:com.qa.testrunner.TestRunner@1d371b2d]" name="runScenario" duration-ms="485" started-at="2022-02-28T11:41:18 PST" description="Runs Cucumber Scenarios" data-provider="scenarios" finished-at="2022-02-28T11:41:18 PST">
          <params>
            <param index="0">
              <value>
                <![CDATA["Login with valid credentials"]]>
              </value>
            </param>
            <param index="1">
              <value>
                <![CDATA["Optional[Search]"]]>
              </value>
            </param>
          </params>
          <reporter-output>
          </reporter-output>
        </test-method> <!-- runScenario -->
        <test-method status="PASS" signature="runScenario(io.cucumber.testng.PickleWrapper,io.cucumber.testng.FeatureWrapper)[pri:0, instance:com.qa.testrunner.TestRunner@1d371b2d]" name="runScenario" duration-ms="19" started-at="2022-02-28T11:41:18 PST" description="Runs Cucumber Scenarios" data-provider="scenarios" finished-at="2022-02-28T11:41:18 PST">
          <params>
            <param index="0">
              <value>
                <![CDATA["Login with valid credentials"]]>
              </value>
            </param>
            <param index="1">
              <value>
                <![CDATA["Optional[Search]"]]>
              </value>
            </param>
          </params>
          <reporter-output>
          </reporter-output>
        </test-method> <!-- runScenario -->
        <test-method status="PASS" signature="runScenario(io.cucumber.testng.PickleWrapper,io.cucumber.testng.FeatureWrapper)[pri:0, instance:com.qa.testrunner.TestRunner@1d371b2d]" name="runScenario" duration-ms="18" started-at="2022-02-28T11:41:18 PST" description="Runs Cucumber Scenarios" data-provider="scenarios" finished-at="2022-02-28T11:41:18 PST">
          <params>
            <param index="0">
              <value>
                <![CDATA["Login with valid credentials"]]>
              </value>
            </param>
            <param index="1">
              <value>
                <![CDATA["Optional[Search]"]]>
              </value>
            </param>
          </params>
          <reporter-output>
          </reporter-output>
        </test-method> <!-- runScenario -->
        <test-method status="PASS" signature="tearDownClass()[pri:0, instance:com.qa.testrunner.TestRunner@1d371b2d]" name="tearDownClass" is-config="true" duration-ms="25" started-at="2022-02-28T11:41:18 PST" finished-at="2022-02-28T11:41:18 PST">
          <reporter-output>
          </reporter-output>
        </test-method> <!-- tearDownClass -->
      </class> <!-- com.qa.testrunner.TestRunner -->
      <class name="com.qa.testscripts.AutomationExcerciseHomePageTests">
        <test-method status="PASS" signature="verifyPageTitle()[pri:0, instance:com.qa.testscripts.AutomationExcerciseHomePageTests@1e7c7811]" name="verifyPageTitle" duration-ms="12490" started-at="2022-02-28T11:41:00 PST" finished-at="2022-02-28T11:41:13 PST">
          <reporter-output>
          </reporter-output>
        </test-method> <!-- verifyPageTitle -->
        <test-method status="PASS" signature="tearDown()[pri:0, instance:com.qa.testscripts.AutomationExcerciseHomePageTests@1e7c7811]" name="tearDown" is-config="true" duration-ms="3502" started-at="2022-02-28T11:41:13 PST" finished-at="2022-02-28T11:41:16 PST">
          <reporter-output>
          </reporter-output>
        </test-method> <!-- tearDown -->
      </class> <!-- com.qa.testscripts.AutomationExcerciseHomePageTests -->
    </test> <!-- Test -->
  </suite> <!-- Suite -->
</testng-results>
