<?xml version="1.0" encoding="UTF-8"?>
<testsuite xmlns:xsi="http://www.w3.org/2001/XMLSchema-instance" xsi:noNamespaceSchemaLocation="https://maven.apache.org/surefire/maven-surefire-plugin/xsd/surefire-test-report.xsd" name="TestSuite" time="38.943" tests="4" errors="0" skipped="0" failures="0">
  <properties>
[...]
</properties>
  <testcase name="verifyPageTitle" classname="com.qa.testscripts.AutomationExcerciseHomePageTests" time="10.673"/>
  <testcase name="runScenario" classname="com.qa.testrunner.TestRunner" time="6.919"/>
  <testcase name="runScenario" classname="com.qa.testrunner.TestRunner" time="11.731"/>
  <testcase name="runScenario" classname="com.qa.testrunner.TestRunner" time="6.174"/>
</testsuite>