<?xml version="1.0" encoding="UTF-8"?>
<testng-results skipped="0" failed="0" ignored="0" total="5" passed="5">
  <reporter-output>
  </reporter-output>
  <suite name="Default suite" duration-ms="52794" started-at="2022-03-05T16:34:12 PST" finished-at="2022-03-05T16:35:04 PST">
    <groups>
      <group name="regression">
        <method signature="RegistrationTest.verifyRegistartionWithValidCredentials(java.util.HashMap)[pri:0, instance:com.qa.testscripts.RegistrationTest@1990a65e]" name="verifyRegistartionWithValidCredentials" class="com.qa.testscripts.RegistrationTest"/>
      </group> <!-- regression -->
      <group name="frontend">
        <method signature="RegistrationTest.verifyRegistartionWithInvalidEmail()[pri:0, instance:com.qa.testscripts.RegistrationTest@1990a65e]" name="verifyRegistartionWithInvalidEmail" class="com.qa.testscripts.RegistrationTest"/>
        <method signature="RegistrationTest.verifyRegistartionWithValidCredentials(java.util.HashMap)[pri:0, instance:com.qa.testscripts.RegistrationTest@1990a65e]" name="verifyRegistartionWithValidCredentials" class="com.qa.testscripts.RegistrationTest"/>
        <method signature="RegistrationTest.verifySignUpWithEmptyCredentials()[pri:0, instance:com.qa.testscripts.RegistrationTest@1990a65e]" name="verifySignUpWithEmptyCredentials" class="com.qa.testscripts.RegistrationTest"/>
      </group> <!-- frontend -->
    </groups>
    <test name="Default test" duration-ms="52794" started-at="2022-03-05T16:34:12 PST" finished-at="2022-03-05T16:35:04 PST">
      <class name="com.qa.testscripts.RegistrationTest">
        <test-method status="PASS" signature="verifyPageTitle()[pri:0, instance:com.qa.testscripts.RegistrationTest@1990a65e]" name="verifyPageTitle" duration-ms="12044" started-at="2022-03-05T16:34:12 PST" finished-at="2022-03-05T16:34:24 PST">
          <reporter-output>
          </reporter-output>
        </test-method> <!-- verifyPageTitle -->
        <test-method status="PASS" signature="tearDown()[pri:0, instance:com.qa.testscripts.RegistrationTest@1990a65e]" name="tearDown" is-config="true" duration-ms="1226" started-at="2022-03-05T16:34:24 PST" finished-at="2022-03-05T16:34:25 PST">
          <reporter-output>
          </reporter-output>
        </test-method> <!-- tearDown -->
        <test-method status="PASS" signature="verifyRegistartionWithInvalidEmail()[pri:0, instance:com.qa.testscripts.RegistrationTest@1990a65e]" name="verifyRegistartionWithInvalidEmail" duration-ms="5737" started-at="2022-03-05T16:34:25 PST" finished-at="2022-03-05T16:34:31 PST">
          <reporter-output>
          </reporter-output>
        </test-method> <!-- verifyRegistartionWithInvalidEmail -->
        <test-method status="PASS" signature="tearDown()[pri:0, instance:com.qa.testscripts.RegistrationTest@1990a65e]" name="tearDown" is-config="true" duration-ms="1491" started-at="2022-03-05T16:34:31 PST" finished-at="2022-03-05T16:34:32 PST">
          <reporter-output>
          </reporter-output>
        </test-method> <!-- tearDown -->
        <test-method status="PASS" signature="verifyRegistartionWithValidCredentials(java.util.HashMap)[pri:0, instance:com.qa.testscripts.RegistrationTest@1990a65e]" name="verifyRegistartionWithValidCredentials" duration-ms="14851" started-at="2022-03-05T16:34:34 PST" data-provider="registrationData" finished-at="2022-03-05T16:34:49 PST">
          <params>
            <param index="0">
              <value>
                <![CDATA[{country=usa, firstname=j, address=abc street, city=santa clara, mobile=1234, lastname=j, zipcode=95051, password=test@123, sno=1, name=jj, state=ca, email=jj@j.com}]]>
              </value>
            </param>
          </params>
          <reporter-output>
          </reporter-output>
        </test-method> <!-- verifyRegistartionWithValidCredentials -->
        <test-method status="PASS" signature="tearDown()[pri:0, instance:com.qa.testscripts.RegistrationTest@1990a65e]" name="tearDown" is-config="true" duration-ms="1429" started-at="2022-03-05T16:34:49 PST" finished-at="2022-03-05T16:34:50 PST">
          <reporter-output>
          </reporter-output>
        </test-method> <!-- tearDown -->
        <test-method status="PASS" signature="verifyRegistrationWithExistingUser(java.util.HashMap)[pri:0, instance:com.qa.testscripts.RegistrationTest@1990a65e]" name="verifyRegistrationWithExistingUser" duration-ms="6272" started-at="2022-03-05T16:34:50 PST" data-provider="registrationData" finished-at="2022-03-05T16:34:56 PST">
          <params>
            <param index="0">
              <value>
                <![CDATA[{country=usa, firstname=j, address=abc street, city=santa clara, mobile=1234, lastname=j, zipcode=95051, password=test@123, sno=1, name=jj, state=ca, email=jj@j.com}]]>
              </value>
            </param>
          </params>
          <reporter-output>
          </reporter-output>
        </test-method> <!-- verifyRegistrationWithExistingUser -->
        <test-method status="PASS" signature="tearDown()[pri:0, instance:com.qa.testscripts.RegistrationTest@1990a65e]" name="tearDown" is-config="true" duration-ms="1338" started-at="2022-03-05T16:34:56 PST" finished-at="2022-03-05T16:34:58 PST">
          <reporter-output>
          </reporter-output>
        </test-method> <!-- tearDown -->
        <test-method status="PASS" signature="verifySignUpWithEmptyCredentials()[pri:0, instance:com.qa.testscripts.RegistrationTest@1990a65e]" name="verifySignUpWithEmptyCredentials" duration-ms="5436" started-at="2022-03-05T16:34:58 PST" finished-at="2022-03-05T16:35:03 PST">
          <reporter-output>
          </reporter-output>
        </test-method> <!-- verifySignUpWithEmptyCredentials -->
        <test-method status="PASS" signature="tearDown()[pri:0, instance:com.qa.testscripts.RegistrationTest@1990a65e]" name="tearDown" is-config="true" duration-ms="1287" started-at="2022-03-05T16:35:03 PST" finished-at="2022-03-05T16:35:04 PST">
          <reporter-output>
          </reporter-output>
        </test-method> <!-- tearDown -->
      </class> <!-- com.qa.testscripts.RegistrationTest -->
    </test> <!-- Default test -->
  </suite> <!-- Default suite -->
</testng-results>
