<?xml version="1.0" encoding="UTF-8"?>
<testng-results ignored="1" total="2" passed="1" failed="0" skipped="0">
  <reporter-output>
  </reporter-output>
  <suite started-at="2022-02-23T22:34:27 PST" name="Default suite" finished-at="2022-02-23T22:34:37 PST" duration-ms="9325">
    <groups>
    </groups>
    <test started-at="2022-02-23T22:34:27 PST" name="Default test" finished-at="2022-02-23T22:34:37 PST" duration-ms="9325">
      <class name="com.qa.AutomationExercise.RegistrationTest">
        <test-method is-config="true" signature="setUp()[pri:0, instance:com.qa.AutomationExercise.RegistrationTest@4cc451f2]" started-at="2022-02-23T22:34:27 PST" name="setUp" finished-at="2022-02-23T22:34:35 PST" duration-ms="7351" status="PASS">
          <reporter-output>
          </reporter-output>
        </test-method> <!-- setUp -->
        <test-method signature="verifyPageTitle()[pri:0, instance:com.qa.AutomationExercise.RegistrationTest@4cc451f2]" started-at="2022-02-23T22:34:35 PST" name="verifyPageTitle" finished-at="2022-02-23T22:34:37 PST" duration-ms="1935" status="PASS">
          <reporter-output>
          </reporter-output>
        </test-method> <!-- verifyPageTitle -->
        <test-method is-config="true" signature="tearDown()[pri:0, instance:com.qa.AutomationExercise.RegistrationTest@4cc451f2]" started-at="2022-02-23T22:34:37 PST" name="tearDown" finished-at="2022-02-23T22:34:37 PST" duration-ms="0" status="PASS">
          <reporter-output>
          </reporter-output>
        </test-method> <!-- tearDown -->
      </class> <!-- com.qa.AutomationExercise.RegistrationTest -->
    </test> <!-- Default test -->
  </suite> <!-- Default suite -->
</testng-results>
