<?xml version="1.0" encoding="UTF-8"?>
<testng-results skipped="0" failed="0" ignored="4" total="5" passed="1">
  <reporter-output>
  </reporter-output>
  <suite name="Default suite" duration-ms="8245" started-at="2022-02-28T23:49:28 PST" finished-at="2022-02-28T23:49:36 PST">
    <groups>
    </groups>
    <test name="Default test" duration-ms="8245" started-at="2022-02-28T23:49:28 PST" finished-at="2022-02-28T23:49:36 PST">
      <class name="com.qa.testscripts.RegistrationTest">
        <test-method status="PASS" signature="verifyRegistrationWithExistingUser(java.util.HashMap)[pri:0, instance:com.qa.testscripts.RegistrationTest@544a2ea6]" name="verifyRegistrationWithExistingUser" duration-ms="6598" started-at="2022-02-28T23:49:30 PST" data-provider="registrationData" finished-at="2022-02-28T23:49:36 PST">
          <params>
            <param index="0">
              <value>
                <![CDATA[{country=usa, firstname=j, address=abc street, city=santa clara, mobile=1234, lastname=j, zipcode=95051, password=test@123, sno=1, name=jj, state=ca, email=jj@j.com}]]>
              </value>
            </param>
          </params>
          <reporter-output>
          </reporter-output>
        </test-method> <!-- verifyRegistrationWithExistingUser -->
        <test-method status="PASS" signature="tearDown()[pri:0, instance:com.qa.testscripts.RegistrationTest@544a2ea6]" name="tearDown" is-config="true" duration-ms="2" started-at="2022-02-28T23:49:36 PST" finished-at="2022-02-28T23:49:36 PST">
          <reporter-output>
          </reporter-output>
        </test-method> <!-- tearDown -->
      </class> <!-- com.qa.testscripts.RegistrationTest -->
    </test> <!-- Default test -->
  </suite> <!-- Default suite -->
</testng-results>
