<?xml version="1.0" encoding="UTF-8"?>
<testng-results ignored="11" total="24" passed="13" failed="0" skipped="0">
  <reporter-output>
  </reporter-output>
  <suite started-at="2022-03-03T14:30:37 PST" name="Suite" finished-at="2022-03-03T14:32:33 PST" duration-ms="116063">
    <groups>
      <group name="regression">
        <method signature="LoginTest.verifyLoginShowsProperLoggedInMessage(java.util.HashMap)[pri:0, instance:com.qa.testscripts.LoginTest@36902638]" name="verifyLoginShowsProperLoggedInMessage" class="com.qa.testscripts.LoginTest"/>
        <method signature="LoginTest.verifyLoginWithValidCredential(java.util.HashMap)[pri:0, instance:com.qa.testscripts.LoginTest@36902638]" name="verifyLoginWithValidCredential" class="com.qa.testscripts.LoginTest"/>
        <method signature="RegistrationTest.verifyRegistartionWithValidCredentials(java.util.HashMap)[pri:0, instance:com.qa.testscripts.RegistrationTest@5bf0d49]" name="verifyRegistartionWithValidCredentials" class="com.qa.testscripts.RegistrationTest"/>
        <method signature="BrandProductTest.verifyAllBrandsAreListed()[pri:0, instance:com.qa.testscripts.BrandProductTest@6ed3ccb2]" name="verifyAllBrandsAreListed" class="com.qa.testscripts.BrandProductTest"/>
        <method signature="BrandProductTest.verifyProductCountUnderEachBrands(java.lang.String)[pri:0, instance:com.qa.testscripts.BrandProductTest@6ed3ccb2]" name="verifyProductCountUnderEachBrands" class="com.qa.testscripts.BrandProductTest"/>
        <method signature="CategoryProductTest.verifyAllCategoryIsShown()[pri:0, instance:com.qa.testscripts.CategoryProductTest@74e52ef6]" name="verifyAllCategoryIsShown" class="com.qa.testscripts.CategoryProductTest"/>
        <method signature="CategoryProductTest.verifyAllSubCategoryIsShown(java.lang.String,[Ljava.lang.String;)[pri:0, instance:com.qa.testscripts.CategoryProductTest@74e52ef6]" name="verifyAllSubCategoryIsShown" class="com.qa.testscripts.CategoryProductTest"/>
        <method signature="CategoryProductTest.verifySubCategorySearch(java.lang.String,java.lang.String,java.lang.String)[pri:0, instance:com.qa.testscripts.CategoryProductTest@74e52ef6]" name="verifySubCategorySearch" class="com.qa.testscripts.CategoryProductTest"/>
      </group> <!-- regression -->
      <group name="integration">
        <method signature="BrandProductTest.verifyAllBrandsAreListed()[pri:0, instance:com.qa.testscripts.BrandProductTest@6ed3ccb2]" name="verifyAllBrandsAreListed" class="com.qa.testscripts.BrandProductTest"/>
        <method signature="BrandProductTest.verifyProductCountUnderEachBrands(java.lang.String)[pri:0, instance:com.qa.testscripts.BrandProductTest@6ed3ccb2]" name="verifyProductCountUnderEachBrands" class="com.qa.testscripts.BrandProductTest"/>
      </group> <!-- integration -->
      <group name="category">
        <method signature="CategoryProductTest.verifyAllCategoryIsShown()[pri:0, instance:com.qa.testscripts.CategoryProductTest@74e52ef6]" name="verifyAllCategoryIsShown" class="com.qa.testscripts.CategoryProductTest"/>
        <method signature="CategoryProductTest.verifyAllSubCategoryIsShown(java.lang.String,[Ljava.lang.String;)[pri:0, instance:com.qa.testscripts.CategoryProductTest@74e52ef6]" name="verifyAllSubCategoryIsShown" class="com.qa.testscripts.CategoryProductTest"/>
        <method signature="CategoryProductTest.verifySubCategorySearch(java.lang.String,java.lang.String,java.lang.String)[pri:0, instance:com.qa.testscripts.CategoryProductTest@74e52ef6]" name="verifySubCategorySearch" class="com.qa.testscripts.CategoryProductTest"/>
      </group> <!-- category -->
      <group name="login">
        <method signature="LoginTest.verifyLoginShowsProperLoggedInMessage(java.util.HashMap)[pri:0, instance:com.qa.testscripts.LoginTest@36902638]" name="verifyLoginShowsProperLoggedInMessage" class="com.qa.testscripts.LoginTest"/>
        <method signature="LoginTest.verifyLoginWithValidCredential(java.util.HashMap)[pri:0, instance:com.qa.testscripts.LoginTest@36902638]" name="verifyLoginWithValidCredential" class="com.qa.testscripts.LoginTest"/>
      </group> <!-- login -->
      <group name="brand">
        <method signature="BrandProductTest.verifyAllBrandsAreListed()[pri:0, instance:com.qa.testscripts.BrandProductTest@6ed3ccb2]" name="verifyAllBrandsAreListed" class="com.qa.testscripts.BrandProductTest"/>
        <method signature="BrandProductTest.verifyProductCountUnderEachBrands(java.lang.String)[pri:0, instance:com.qa.testscripts.BrandProductTest@6ed3ccb2]" name="verifyProductCountUnderEachBrands" class="com.qa.testscripts.BrandProductTest"/>
      </group> <!-- brand -->
      <group name="frontend">
        <method signature="RegistrationTest.verifyRegistartionWithValidCredentials(java.util.HashMap)[pri:0, instance:com.qa.testscripts.RegistrationTest@5bf0d49]" name="verifyRegistartionWithValidCredentials" class="com.qa.testscripts.RegistrationTest"/>
        <method signature="CategoryProductTest.verifyAllCategoryIsShown()[pri:0, instance:com.qa.testscripts.CategoryProductTest@74e52ef6]" name="verifyAllCategoryIsShown" class="com.qa.testscripts.CategoryProductTest"/>
        <method signature="CategoryProductTest.verifyAllSubCategoryIsShown(java.lang.String,[Ljava.lang.String;)[pri:0, instance:com.qa.testscripts.CategoryProductTest@74e52ef6]" name="verifyAllSubCategoryIsShown" class="com.qa.testscripts.CategoryProductTest"/>
        <method signature="CategoryProductTest.verifySubCategorySearch(java.lang.String,java.lang.String,java.lang.String)[pri:0, instance:com.qa.testscripts.CategoryProductTest@74e52ef6]" name="verifySubCategorySearch" class="com.qa.testscripts.CategoryProductTest"/>
      </group> <!-- frontend -->
    </groups>
    <test started-at="2022-03-03T14:30:37 PST" name="LoginTest" finished-at="2022-03-03T14:30:59 PST" duration-ms="22146">
      <class name="com.qa.testscripts.LoginTest">
        <test-method signature="verifyLoginShowsProperLoggedInMessage(java.util.HashMap)[pri:0, instance:com.qa.testscripts.LoginTest@36902638]" started-at="2022-03-03T14:30:39 PST" name="verifyLoginShowsProperLoggedInMessage" data-provider="registrationData" finished-at="2022-03-03T14:30:56 PST" duration-ms="17201" status="PASS">
          <params>
            <param index="0">
              <value>
                <![CDATA[{country=usa, firstname=j, address=abc street, city=santa clara, mobile=1234, lastname=j, zipcode=95051, password=test@123, sno=1, name=jj, state=ca, email=jj@j.com}]]>
              </value>
            </param>
          </params>
          <reporter-output>
          </reporter-output>
        </test-method> <!-- verifyLoginShowsProperLoggedInMessage -->
        <test-method signature="verifyLoginWithValidCredential(java.util.HashMap)[pri:0, instance:com.qa.testscripts.LoginTest@36902638]" started-at="2022-03-03T14:30:56 PST" name="verifyLoginWithValidCredential" data-provider="registrationData" finished-at="2022-03-03T14:30:59 PST" duration-ms="2890" status="PASS">
          <params>
            <param index="0">
              <value>
                <![CDATA[{country=usa, firstname=j, address=abc street, city=santa clara, mobile=1234, lastname=j, zipcode=95051, password=test@123, sno=1, name=jj, state=ca, email=jj@j.com}]]>
              </value>
            </param>
          </params>
          <reporter-output>
          </reporter-output>
        </test-method> <!-- verifyLoginWithValidCredential -->
      </class> <!-- com.qa.testscripts.LoginTest -->
    </test> <!-- LoginTest -->
    <test started-at="2022-03-03T14:30:59 PST" name="RegistrationTest" finished-at="2022-03-03T14:31:09 PST" duration-ms="9643">
      <class name="com.qa.testscripts.RegistrationTest">
        <test-method signature="verifyRegistartionWithValidCredentials(java.util.HashMap)[pri:0, instance:com.qa.testscripts.RegistrationTest@5bf0d49]" started-at="2022-03-03T14:30:59 PST" name="verifyRegistartionWithValidCredentials" data-provider="registrationData" finished-at="2022-03-03T14:31:09 PST" duration-ms="9496" status="PASS">
          <params>
            <param index="0">
              <value>
                <![CDATA[{country=usa, firstname=j, address=abc street, city=santa clara, mobile=1234, lastname=j, zipcode=95051, password=test@123, sno=1, name=jj, state=ca, email=jj@j.com}]]>
              </value>
            </param>
          </params>
          <reporter-output>
          </reporter-output>
        </test-method> <!-- verifyRegistartionWithValidCredentials -->
      </class> <!-- com.qa.testscripts.RegistrationTest -->
    </test> <!-- RegistrationTest -->
    <test started-at="2022-03-03T14:31:09 PST" name="SearchTest" finished-at="2022-03-03T14:32:33 PST" duration-ms="84087">
      <class name="com.qa.testscripts.BrandProductTest">
        <test-method signature="verifyAllBrandsAreListed()[pri:0, instance:com.qa.testscripts.BrandProductTest@6ed3ccb2]" started-at="2022-03-03T14:31:51 PST" name="verifyAllBrandsAreListed" finished-at="2022-03-03T14:32:02 PST" duration-ms="11017" status="PASS">
          <reporter-output>
          </reporter-output>
        </test-method> <!-- verifyAllBrandsAreListed -->
        <test-method signature="verifyProductCountUnderEachBrands(java.lang.String)[pri:0, instance:com.qa.testscripts.BrandProductTest@6ed3ccb2]" started-at="2022-03-03T14:32:02 PST" name="verifyProductCountUnderEachBrands" data-provider="brandNameList" finished-at="2022-03-03T14:32:12 PST" duration-ms="9267" status="PASS">
          <params>
            <param index="0">
              <value>
                <![CDATA[Polo]]>
              </value>
            </param>
          </params>
          <reporter-output>
          </reporter-output>
        </test-method> <!-- verifyProductCountUnderEachBrands -->
        <test-method signature="verifyProductCountUnderEachBrands(java.lang.String)[pri:0, instance:com.qa.testscripts.BrandProductTest@6ed3ccb2]" started-at="2022-03-03T14:32:12 PST" name="verifyProductCountUnderEachBrands" data-provider="brandNameList" finished-at="2022-03-03T14:32:21 PST" duration-ms="9745" status="PASS">
          <params>
            <param index="0">
              <value>
                <![CDATA[Madame]]>
              </value>
            </param>
          </params>
          <reporter-output>
          </reporter-output>
        </test-method> <!-- verifyProductCountUnderEachBrands -->
        <test-method signature="verifyProductCountUnderEachBrands(java.lang.String)[pri:0, instance:com.qa.testscripts.BrandProductTest@6ed3ccb2]" started-at="2022-03-03T14:32:21 PST" name="verifyProductCountUnderEachBrands" data-provider="brandNameList" finished-at="2022-03-03T14:32:33 PST" duration-ms="11465" status="PASS">
          <params>
            <param index="0">
              <value>
                <![CDATA[H&M]]>
              </value>
            </param>
          </params>
          <reporter-output>
          </reporter-output>
        </test-method> <!-- verifyProductCountUnderEachBrands -->
      </class> <!-- com.qa.testscripts.BrandProductTest -->
      <class name="com.qa.testscripts.CategoryProductTest">
        <test-method signature="verifyAllCategoryIsShown()[pri:0, instance:com.qa.testscripts.CategoryProductTest@74e52ef6]" started-at="2022-03-03T14:31:09 PST" name="verifyAllCategoryIsShown" finished-at="2022-03-03T14:31:14 PST" duration-ms="5574" status="PASS">
          <reporter-output>
          </reporter-output>
        </test-method> <!-- verifyAllCategoryIsShown -->
        <test-method signature="verifyAllSubCategoryIsShown(java.lang.String,[Ljava.lang.String;)[pri:0, instance:com.qa.testscripts.CategoryProductTest@74e52ef6]" started-at="2022-03-03T14:31:14 PST" name="verifyAllSubCategoryIsShown" data-provider="categoryData" finished-at="2022-03-03T14:31:21 PST" duration-ms="6150" status="PASS">
          <params>
            <param index="0">
              <value>
                <![CDATA[WOMEN]]>
              </value>
            </param>
            <param index="1">
              <value>
                <![CDATA[[Ljava.lang.String;@6318ff9]]>
              </value>
            </param>
          </params>
          <reporter-output>
          </reporter-output>
        </test-method> <!-- verifyAllSubCategoryIsShown -->
        <test-method signature="verifyAllSubCategoryIsShown(java.lang.String,[Ljava.lang.String;)[pri:0, instance:com.qa.testscripts.CategoryProductTest@74e52ef6]" started-at="2022-03-03T14:31:21 PST" name="verifyAllSubCategoryIsShown" data-provider="categoryData" finished-at="2022-03-03T14:31:27 PST" duration-ms="6456" status="PASS">
          <params>
            <param index="0">
              <value>
                <![CDATA[MEN]]>
              </value>
            </param>
            <param index="1">
              <value>
                <![CDATA[[Ljava.lang.String;@5655278d]]>
              </value>
            </param>
          </params>
          <reporter-output>
          </reporter-output>
        </test-method> <!-- verifyAllSubCategoryIsShown -->
        <test-method signature="verifyAllSubCategoryIsShown(java.lang.String,[Ljava.lang.String;)[pri:0, instance:com.qa.testscripts.CategoryProductTest@74e52ef6]" started-at="2022-03-03T14:31:27 PST" name="verifyAllSubCategoryIsShown" data-provider="categoryData" finished-at="2022-03-03T14:31:36 PST" duration-ms="9026" status="PASS">
          <params>
            <param index="0">
              <value>
                <![CDATA[KIDS]]>
              </value>
            </param>
            <param index="1">
              <value>
                <![CDATA[[Ljava.lang.String;@69b80603]]>
              </value>
            </param>
          </params>
          <reporter-output>
          </reporter-output>
        </test-method> <!-- verifyAllSubCategoryIsShown -->
        <test-method signature="verifySubCategorySearch(java.lang.String,java.lang.String,java.lang.String)[pri:0, instance:com.qa.testscripts.CategoryProductTest@74e52ef6]" started-at="2022-03-03T14:31:36 PST" name="verifySubCategorySearch" data-provider="subcategoryData" finished-at="2022-03-03T14:31:44 PST" duration-ms="7503" status="PASS">
          <params>
            <param index="0">
              <value>
                <![CDATA[WOMEN]]>
              </value>
            </param>
            <param index="1">
              <value>
                <![CDATA[Dress]]>
              </value>
            </param>
            <param index="2">
              <value>
                <![CDATA[WOMEN - DRESS PRODUCTS]]>
              </value>
            </param>
          </params>
          <reporter-output>
          </reporter-output>
        </test-method> <!-- verifySubCategorySearch -->
        <test-method signature="verifySubCategorySearch(java.lang.String,java.lang.String,java.lang.String)[pri:0, instance:com.qa.testscripts.CategoryProductTest@74e52ef6]" started-at="2022-03-03T14:31:44 PST" name="verifySubCategorySearch" data-provider="subcategoryData" finished-at="2022-03-03T14:31:51 PST" duration-ms="7856" status="PASS">
          <params>
            <param index="0">
              <value>
                <![CDATA[MEN]]>
              </value>
            </param>
            <param index="1">
              <value>
                <![CDATA[Jeans]]>
              </value>
            </param>
            <param index="2">
              <value>
                <![CDATA[MEN - JEANS PRODUCTS]]>
              </value>
            </param>
          </params>
          <reporter-output>
          </reporter-output>
        </test-method> <!-- verifySubCategorySearch -->
      </class> <!-- com.qa.testscripts.CategoryProductTest -->
    </test> <!-- SearchTest -->
  </suite> <!-- Suite -->
</testng-results>
